  [1m[35m (1.0ms)[0m  [1m[34mSELECT sqlite_version(*)[0m
  [1m[35m (112.1ms)[0m  [1m[35mCREATE TABLE "schema_migrations" ("version" varchar NOT NULL PRIMARY KEY)[0m
  [1m[35m (83.1ms)[0m  [1m[35mCREATE TABLE "ar_internal_metadata" ("key" varchar NOT NULL PRIMARY KEY, "value" varchar, "created_at" datetime NOT NULL, "updated_at" datetime NOT NULL)[0m
  [1m[35m (1.0ms)[0m  [1m[34mSELECT "schema_migrations"."version" FROM "schema_migrations" ORDER BY "schema_migrations"."version" ASC[0m
Migrating to CreateUsers (20170603232029)
  [1m[35m (1.0ms)[0m  [1m[36mbegin transaction[0m
  [1m[35m (3.0ms)[0m  [1m[35mCREATE TABLE "users" ("id" INTEGER PRIMARY KEY AUTOINCREMENT NOT NULL, "name" varchar, "email" varchar, "created_at" datetime NOT NULL, "updated_at" datetime NOT NULL)[0m
  [1m[35mSQL (1.0ms)[0m  [1m[32mINSERT INTO "schema_migrations" ("version") VALUES (?)[0m  [["version", "20170603232029"]]
  [1m[35m (99.1ms)[0m  [1m[36mcommit transaction[0m
  [1m[36mActiveRecord::InternalMetadata Load (1.0ms)[0m  [1m[34mSELECT  "ar_internal_metadata".* FROM "ar_internal_metadata" WHERE "ar_internal_metadata"."key" = ? LIMIT ?[0m  [["key", "environment"], ["LIMIT", 1]]
  [1m[35m (0.0ms)[0m  [1m[36mbegin transaction[0m
  [1m[35mSQL (2.0ms)[0m  [1m[32mINSERT INTO "ar_internal_metadata" ("key", "value", "created_at", "updated_at") VALUES (?, ?, ?, ?)[0m  [["key", "environment"], ["value", "development"], ["created_at", "2017-06-03 23:21:17.625187"], ["updated_at", "2017-06-03 23:21:17.625187"]]
  [1m[35m (97.1ms)[0m  [1m[36mcommit transaction[0m
  [1m[35m (1.0ms)[0m  [1m[34mSELECT "schema_migrations"."version" FROM "schema_migrations" ORDER BY "schema_migrations"."version" ASC[0m
Started GET "/users" for 127.0.0.1 at 2017-06-04 05:23:32 +0600
  [1m[35m (1.0ms)[0m  [1m[34mSELECT "schema_migrations"."version" FROM "schema_migrations" ORDER BY "schema_migrations"."version" ASC[0m
Processing by UsersController#index as HTML
  Rendering users/index.html.erb within layouts/application
  [1m[36mUser Load (1.0ms)[0m  [1m[34mSELECT "users".* FROM "users"[0m
  Rendered users/index.html.erb within layouts/application (17.0ms)
Completed 500 Internal Server Error in 7709ms (ActiveRecord: 3.0ms)


  
ActionView::Template::Error (TypeError: Object doesn't support this property or method):
    4:     <title>SignUp</title>
    5:     <%= csrf_meta_tags %>
    6: 
    7:     <%= stylesheet_link_tag    'application', media: 'all', 'data-turbolinks-track': 'reload' %>
    8:     <%= javascript_include_tag 'application', 'data-turbolinks-track': 'reload' %>
    9:   </head>
   10: 
  
app/views/layouts/application.html.erb:7:in `_app_views_layouts_application_html_erb__83133966_55704108'
  [1m[35m (0.0ms)[0m  [1m[36mbegin transaction[0m
Started GET "/users" for 127.0.0.1 at 2017-06-04 05:26:12 +0600
Processing by UsersController#index as HTML
  Rendering users/index.html.erb within layouts/application
  [1m[36mUser Load (1.0ms)[0m  [1m[34mSELECT "users".* FROM "users"[0m
  Rendered users/index.html.erb within layouts/application (19.0ms)
Completed 200 OK in 397ms (Views: 290.1ms | ActiveRecord: 2.0ms)


Started GET "/users/new" for 127.0.0.1 at 2017-06-04 05:27:19 +0600
Processing by UsersController#new as HTML
  Rendering users/new.html.erb within layouts/application
  Rendered users/_form.html.erb (330.2ms) [cache miss]
  Rendered users/new.html.erb within layouts/application (397.3ms)
Completed 200 OK in 714ms (Views: 595.5ms | ActiveRecord: 3.0ms)


Started POST "/users" for 127.0.0.1 at 2017-06-04 05:27:42 +0600
Processing by UsersController#create as HTML
  Parameters: {"utf8"=>"✓", "authenticity_token"=>"FFmAZ834+O5WFNsoTHFx2nSCUw454XkQ1lQQcxb85/W5rDgVLk9xIqtlLx3jt6Sy7UcgyRcxi/Z7X9jP8gatOA==", "user"=>{"name"=>"BOS", "email"=>"bos@gmail.com"}, "commit"=>"Create User"}
  [1m[35m (0.0ms)[0m  [1m[36mbegin transaction[0m
  [1m[35mSQL (10.0ms)[0m  [1m[32mINSERT INTO "users" ("name", "email", "created_at", "updated_at") VALUES (?, ?, ?, ?)[0m  [["name", "BOS"], ["email", "bos@gmail.com"], ["created_at", "2017-06-03 23:27:42.573629"], ["updated_at", "2017-06-03 23:27:42.573629"]]
  [1m[35m (157.1ms)[0m  [1m[36mcommit transaction[0m
Redirected to http://localhost:3000/users/1
Completed 302 Found in 185ms (ActiveRecord: 167.1ms)


Started GET "/users/1" for 127.0.0.1 at 2017-06-04 05:27:42 +0600
Processing by UsersController#show as HTML
  Parameters: {"id"=>"1"}
  [1m[36mUser Load (0.0ms)[0m  [1m[34mSELECT  "users".* FROM "users" WHERE "users"."id" = ? LIMIT ?[0m  [["id", 1], ["LIMIT", 1]]
  Rendering users/show.html.erb within layouts/application
  Rendered users/show.html.erb within layouts/application (4.0ms)
Completed 200 OK in 389ms (Views: 193.4ms | ActiveRecord: 0.0ms)


Started GET "/users" for 127.0.0.1 at 2017-06-04 05:27:45 +0600
Processing by UsersController#index as HTML
  Rendering users/index.html.erb within layouts/application
  [1m[36mUser Load (1.0ms)[0m  [1m[34mSELECT "users".* FROM "users"[0m
  Rendered users/index.html.erb within layouts/application (8.0ms)
Completed 200 OK in 266ms (Views: 192.8ms | ActiveRecord: 1.0ms)


Started GET "/users/new" for 127.0.0.1 at 2017-06-04 05:27:47 +0600
Processing by UsersController#new as HTML
  Rendering users/new.html.erb within layouts/application
  Rendered users/_form.html.erb (13.0ms) [cache miss]
  Rendered users/new.html.erb within layouts/application (76.1ms)
Completed 200 OK in 331ms (Views: 263.5ms | ActiveRecord: 0.0ms)


Started POST "/users" for 127.0.0.1 at 2017-06-04 05:28:07 +0600
Processing by UsersController#create as HTML
  Parameters: {"utf8"=>"✓", "authenticity_token"=>"FzPJzllPa5Fq8CELR6nV9juFfWepj6j6U6ZVqXuTEuC6xnG8uvjiXZeB1T7obwCeokAOoIdfWhz+rZ0Vn2lYLQ==", "user"=>{"name"=>"OM", "email"=>"oma@gmail.com"}, "commit"=>"Create User"}
  [1m[35m (0.0ms)[0m  [1m[36mbegin transaction[0m
  [1m[35mSQL (3.0ms)[0m  [1m[32mINSERT INTO "users" ("name", "email", "created_at", "updated_at") VALUES (?, ?, ?, ?)[0m  [["name", "OM"], ["email", "oma@gmail.com"], ["created_at", "2017-06-03 23:28:07.929441"], ["updated_at", "2017-06-03 23:28:07.929441"]]
  [1m[35m (94.1ms)[0m  [1m[36mcommit transaction[0m
Redirected to http://localhost:3000/users/2
Completed 302 Found in 112ms (ActiveRecord: 97.1ms)


Started GET "/users/2" for 127.0.0.1 at 2017-06-04 05:28:08 +0600
Processing by UsersController#show as HTML
  Parameters: {"id"=>"2"}
  [1m[36mUser Load (1.0ms)[0m  [1m[34mSELECT  "users".* FROM "users" WHERE "users"."id" = ? LIMIT ?[0m  [["id", 2], ["LIMIT", 1]]
  Rendering users/show.html.erb within layouts/application
  Rendered users/show.html.erb within layouts/application (3.0ms)
Completed 200 OK in 268ms (Views: 192.6ms | ActiveRecord: 1.0ms)


Started GET "/users" for 127.0.0.1 at 2017-06-04 05:28:09 +0600
Processing by UsersController#index as HTML
  Rendering users/index.html.erb within layouts/application
  [1m[36mUser Load (1.0ms)[0m  [1m[34mSELECT "users".* FROM "users"[0m
  Rendered users/index.html.erb within layouts/application (8.0ms)
Completed 200 OK in 268ms (Views: 200.6ms | ActiveRecord: 1.0ms)


Started GET "/users/new" for 127.0.0.1 at 2017-06-04 05:28:11 +0600
Processing by UsersController#new as HTML
  Rendering users/new.html.erb within layouts/application
  Rendered users/_form.html.erb (10.0ms) [cache miss]
  Rendered users/new.html.erb within layouts/application (78.1ms)
Completed 200 OK in 336ms (Views: 262.2ms | ActiveRecord: 0.0ms)


Started POST "/users" for 127.0.0.1 at 2017-06-04 05:28:36 +0600
Processing by UsersController#create as HTML
  Parameters: {"utf8"=>"✓", "authenticity_token"=>"1adxr3L0mzxo453UmZxAHcftjtkwk4Y9pQ4YakW08j14UsndkUMS8JWSaeE2WpV1Xij9Hh5DdNsIBdDWoU648A==", "user"=>{"name"=>"FS", "email"=>"flrsup@gmail.com"}, "commit"=>"Create User"}
  [1m[35m (1.0ms)[0m  [1m[36mbegin transaction[0m
  [1m[35mSQL (3.0ms)[0m  [1m[32mINSERT INTO "users" ("name", "email", "created_at", "updated_at") VALUES (?, ?, ?, ?)[0m  [["name", "FS"], ["email", "flrsup@gmail.com"], ["created_at", "2017-06-03 23:28:36.506352"], ["updated_at", "2017-06-03 23:28:36.506352"]]
  [1m[35m (172.1ms)[0m  [1m[36mcommit transaction[0m
Redirected to http://localhost:3000/users/3
Completed 302 Found in 190ms (ActiveRecord: 176.1ms)


Started GET "/users/3" for 127.0.0.1 at 2017-06-04 05:28:36 +0600
Processing by UsersController#show as HTML
  Parameters: {"id"=>"3"}
  [1m[36mUser Load (1.0ms)[0m  [1m[34mSELECT  "users".* FROM "users" WHERE "users"."id" = ? LIMIT ?[0m  [["id", 3], ["LIMIT", 1]]
  Rendering users/show.html.erb within layouts/application
  Rendered users/show.html.erb within layouts/application (3.0ms)
Completed 200 OK in 266ms (Views: 187.0ms | ActiveRecord: 1.0ms)


Started GET "/users" for 127.0.0.1 at 2017-06-04 05:28:38 +0600
Processing by UsersController#index as HTML
  Rendering users/index.html.erb within layouts/application
  [1m[36mUser Load (0.0ms)[0m  [1m[34mSELECT "users".* FROM "users"[0m
  Rendered users/index.html.erb within layouts/application (12.0ms)
Completed 200 OK in 272ms (Views: 206.0ms | ActiveRecord: 0.0ms)


Started GET "/users/1" for 127.0.0.1 at 2017-06-04 05:28:42 +0600
Processing by UsersController#show as HTML
  Parameters: {"id"=>"1"}
  [1m[36mUser Load (1.0ms)[0m  [1m[34mSELECT  "users".* FROM "users" WHERE "users"."id" = ? LIMIT ?[0m  [["id", 1], ["LIMIT", 1]]
  Rendering users/show.html.erb within layouts/application
  Rendered users/show.html.erb within layouts/application (4.0ms)
Completed 200 OK in 298ms (Views: 218.3ms | ActiveRecord: 1.0ms)


Started GET "/users" for 127.0.0.1 at 2017-06-04 05:28:44 +0600
Processing by UsersController#index as HTML
  Rendering users/index.html.erb within layouts/application
  [1m[36mUser Load (1.0ms)[0m  [1m[34mSELECT "users".* FROM "users"[0m
  Rendered users/index.html.erb within layouts/application (11.0ms)
Completed 200 OK in 319ms (Views: 237.1ms | ActiveRecord: 1.0ms)


